[debug] [2017-10-27T15:24:43.805Z] ----------------------------------------------------------------------
[debug] [2017-10-27T15:24:43.805Z] Command:       C:\Program Files\nodejs\node.exe C:\Users\zachr\AppData\Roaming\npm\node_modules\firebase-tools\bin\firebase serve
[debug] [2017-10-27T15:24:43.805Z] CLI Version:   3.13.1
[debug] [2017-10-27T15:24:43.805Z] Platform:      win32
[debug] [2017-10-27T15:24:43.805Z] Node Version:  v6.11.0
[debug] [2017-10-27T15:24:43.805Z] Time:          Fri Oct 27 2017 09:24:43 GMT-0600 (Mountain Daylight Time)
[debug] [2017-10-27T15:24:43.805Z] ----------------------------------------------------------------------
[debug] 
[debug] [2017-10-27T15:24:43.825Z] > command requires scopes: ["email","openid","https://www.googleapis.com/auth/cloudplatformprojects.readonly","https://www.googleapis.com/auth/firebase","https://www.googleapis.com/auth/cloud-platform"]
[debug] [2017-10-27T15:24:43.826Z] > authorizing via signed-in user
[debug] [2017-10-27T15:24:43.828Z] >>> HTTP REQUEST GET https://admin.firebase.com/v1/projects/angular-c0bc3  
 Fri Oct 27 2017 09:24:43 GMT-0600 (Mountain Daylight Time)
[debug] [2017-10-27T15:24:44.391Z] <<< HTTP RESPONSE 200
[debug] [2017-10-27T15:24:44.407Z] >>> HTTP REQUEST GET https://admin.firebase.com/v1/database/angular-c0bc3/tokens  
 Fri Oct 27 2017 09:24:44 GMT-0600 (Mountain Daylight Time)
[debug] [2017-10-27T15:24:44.913Z] <<< HTTP RESPONSE 200
[info] 
[info] === Serving from 'C:\Users\zachr\Documents\FrontEndFoundations\Angular\Starter'...
[info] 
[debug] [2017-10-27T15:24:44.929Z] >>> HTTP REQUEST GET https://cloudresourcemanager.googleapis.com/v1/projects/angular-c0bc3  
 Fri Oct 27 2017 09:24:44 GMT-0600 (Mountain Daylight Time)
[debug] [2017-10-27T15:24:45.213Z] <<< HTTP RESPONSE 200
[debug] [2017-10-27T15:24:45.213Z] >>> HTTP REQUEST GET https://mobilesdk-pa.googleapis.com/v1/projects/748571119219/clients/_:getWebAppConfig  
 Fri Oct 27 2017 09:24:45 GMT-0600 (Mountain Daylight Time)
[debug] [2017-10-27T15:24:45.485Z] <<< HTTP RESPONSE 200
[info] i  hosting: Serving hosting files from: public
[info] +  hosting: Local server: http://localhost:5000

[debug] [2017-11-06T17:52:50.377Z] ----------------------------------------------------------------------
[debug] [2017-11-06T17:52:50.379Z] Command:       C:\Program Files\nodejs\node.exe C:\Users\zachr\AppData\Roaming\npm\node_modules\firebase-tools\bin\firebase serve
[debug] [2017-11-06T17:52:50.380Z] CLI Version:   3.13.1
[debug] [2017-11-06T17:52:50.380Z] Platform:      win32
[debug] [2017-11-06T17:52:50.380Z] Node Version:  v6.11.0
[debug] [2017-11-06T17:52:50.380Z] Time:          Mon Nov 06 2017 10:52:50 GMT-0700 (Mountain Standard Time)
[debug] [2017-11-06T17:52:50.381Z] ----------------------------------------------------------------------
[debug] 
[debug] [2017-11-06T17:52:50.404Z] > command requires scopes: ["email","openid","https://www.googleapis.com/auth/cloudplatformprojects.readonly","https://www.googleapis.com/auth/firebase","https://www.googleapis.com/auth/cloud-platform"]
[debug] [2017-11-06T17:52:50.404Z] > authorizing via signed-in user
[debug] [2017-11-06T17:52:50.406Z] > refreshing access token with scopes: ["email","https://www.googleapis.com/auth/cloud-platform","https://www.googleapis.com/auth/cloudplatformprojects.readonly","https://www.googleapis.com/auth/firebase","openid"]
[debug] [2017-11-06T17:52:50.407Z] >>> HTTP REQUEST POST https://www.googleapis.com/oauth2/v3/token { refresh_token: '1/pZyt2eF6ZELEAWR3ZfPwBeqzxWA4DoOqUouqPwCOERk',
  client_id: '563584335869-fgrhgmd47bqnekij5i8b5pr03ho849e6.apps.googleusercontent.com',
  client_secret: 'j9iVZfS8kkCEFUPaAeJV0sAi',
  grant_type: 'refresh_token',
  scope: 'email https://www.googleapis.com/auth/cloud-platform https://www.googleapis.com/auth/cloudplatformprojects.readonly https://www.googleapis.com/auth/firebase openid' } 
 Mon Nov 06 2017 10:52:50 GMT-0700 (Mountain Standard Time)
[debug] [2017-11-06T17:52:50.583Z] <<< HTTP RESPONSE 200
[debug] [2017-11-06T17:52:50.597Z] >>> HTTP REQUEST GET https://admin.firebase.com/v1/projects/angular-c0bc3  
 Mon Nov 06 2017 10:52:50 GMT-0700 (Mountain Standard Time)
[debug] [2017-11-06T17:52:51.838Z] <<< HTTP RESPONSE 200
[debug] [2017-11-06T17:52:51.840Z] >>> HTTP REQUEST GET https://admin.firebase.com/v1/database/angular-c0bc3/tokens  
 Mon Nov 06 2017 10:52:51 GMT-0700 (Mountain Standard Time)
[debug] [2017-11-06T17:52:52.618Z] <<< HTTP RESPONSE 200
[info] 
[info] === Serving from 'C:\Users\zachr\Documents\FrontEndFoundations\Angular\Starter'...
[info] 
[debug] [2017-11-06T17:52:52.627Z] >>> HTTP REQUEST GET https://cloudresourcemanager.googleapis.com/v1/projects/angular-c0bc3  
 Mon Nov 06 2017 10:52:52 GMT-0700 (Mountain Standard Time)
[debug] [2017-11-06T17:52:53.007Z] <<< HTTP RESPONSE 200
[debug] [2017-11-06T17:52:53.008Z] >>> HTTP REQUEST GET https://mobilesdk-pa.googleapis.com/v1/projects/748571119219/clients/_:getWebAppConfig  
 Mon Nov 06 2017 10:52:53 GMT-0700 (Mountain Standard Time)
[debug] [2017-11-06T17:52:53.422Z] <<< HTTP RESPONSE 200
[info] i  hosting: Serving hosting files from: public
[info] +  hosting: Local server: http://localhost:5000

